build/app/intermediates/manifest_merge_blame_file/debug/manifest-merger-blame-debug-report.txt
1<?xml version="1.0" encoding="utf-8"?>
2<manifest xmlns:android="http://schemas.android.com/apk/res/android"
3    package="com.tntlinking.tntdev"
4    android:versionCode="1"
5    android:versionName="1.0.0" >
6
7    <uses-sdk
8        android:minSdkVersion="20"
9        android:targetSdkVersion="31" />
10    <!--
11         The INTERNET permission is required for development. Specifically,
12         the Flutter tool needs it to communicate with the running application
13         to allow setting breakpoints, to provide hot reload, etc.
14    -->
15    <uses-permission android:name="android.permission.INTERNET" />
15-->src/debug/AndroidManifest.xml:7:5-66
15-->src/debug/AndroidManifest.xml:7:22-64
16    <uses-permission android:name="android.permission.ACCESS_NETWORK_STATE" />
16-->[:fluwx] AndroidManifest.xml:10:5-79
16-->[:fluwx] AndroidManifest.xml:10:22-76
17    <uses-permission android:name="android.permission.ACCESS_WIFI_STATE" />
17-->[:fluwx] AndroidManifest.xml:11:5-76
17-->[:fluwx] AndroidManifest.xml:11:22-73
18    <uses-permission android:name="android.permission.WRITE_EXTERNAL_STORAGE" /> <!-- Support WeChat query on Android P -->
18-->[:fluwx] AndroidManifest.xml:12:5-81
18-->[:fluwx] AndroidManifest.xml:12:22-78
19    <queries>
19-->[:fluwx] AndroidManifest.xml:15:5-17:15
20        <package android:name="com.tencent.mm" />
20-->[:fluwx] AndroidManifest.xml:16:9-50
20-->[:fluwx] AndroidManifest.xml:16:18-47
21
22        <intent>
22-->[:file_picker] AndroidManifest.xml:12:9-16:18
23            <action android:name="android.intent.action.GET_CONTENT" />
23-->[:file_picker] AndroidManifest.xml:13:13-72
23-->[:file_picker] AndroidManifest.xml:13:21-69
24
25            <data android:mimeType="*/*" />
25-->[:file_picker] AndroidManifest.xml:15:13-44
25-->[:file_picker] AndroidManifest.xml:15:19-41
26        </intent>
27        <intent>
27-->[:flutter_inappwebview] AndroidManifest.xml:10:9-12:18
28            <action android:name="android.support.customtabs.action.CustomTabsService" />
28-->[:flutter_inappwebview] AndroidManifest.xml:11:13-90
28-->[:flutter_inappwebview] AndroidManifest.xml:11:21-87
29        </intent>
30    </queries>
31
32    <uses-permission android:name="android.permission.READ_EXTERNAL_STORAGE" /> <!-- 这个权限用于进行网络定位 -->
33    <uses-permission android:name="android.permission.ACCESS_COARSE_LOCATION" /> <!-- 这个权限用于访问GPS定位 -->
33-->[:flutter_bmflocation] AndroidManifest.xml:9:5-81
33-->[:flutter_bmflocation] AndroidManifest.xml:9:22-78
34    <uses-permission android:name="android.permission.ACCESS_FINE_LOCATION" /> <!-- 这个权限用于获取wifi的获取权限，wifi信息会用来进行网络定位 -->
34-->[:flutter_bmflocation] AndroidManifest.xml:11:5-79
34-->[:flutter_bmflocation] AndroidManifest.xml:11:22-76
35    <uses-permission android:name="android.permission.CHANGE_WIFI_STATE" /> <!-- 用于读取手机当前的状态 -->
35-->[:flutter_bmflocation] AndroidManifest.xml:17:5-76
35-->[:flutter_bmflocation] AndroidManifest.xml:17:22-73
36    <uses-permission android:name="android.permission.READ_PHONE_STATE" /> <!-- 读取系统信息，包含系统版本等信息，用作统计 -->
36-->[:flutter_bmflocation] AndroidManifest.xml:19:5-75
36-->[:flutter_bmflocation] AndroidManifest.xml:19:22-72
37    <uses-permission android:name="com.android.launcher.permission.READ_SETTINGS" /> <!-- 程序在手机屏幕关闭后后台进程仍然运行 -->
37-->[:flutter_bmflocation] AndroidManifest.xml:26:5-85
37-->[:flutter_bmflocation] AndroidManifest.xml:26:22-82
38    <uses-permission android:name="android.permission.WAKE_LOCK" /> <!-- 检查网络状态 -->
38-->[:flutter_bmflocation] AndroidManifest.xml:28:5-68
38-->[:flutter_bmflocation] AndroidManifest.xml:28:22-65
39    <uses-permission android:name="android.permission.CHANGE_NETWORK_STATE" />
39-->[com.umeng.umsdk:uverify:2.5.5] AndroidManifest.xml:17:5-79
39-->[com.umeng.umsdk:uverify:2.5.5] AndroidManifest.xml:17:22-76
40
41    <application
42        android:name="android.app.Application"
43        android:appComponentFactory="androidx.core.app.CoreComponentFactory"
43-->[androidx.core:core:1.8.0] AndroidManifest.xml:24:18-86
44        android:debuggable="true"
45        android:icon="@mipmap/ic_launcher"
46        android:label="ttsl_packs" >
47        <activity
48            android:name="com.tntlinking.ttsl_packs.MainActivity"
49            android:configChanges="orientation|keyboardHidden|keyboard|screenSize|smallestScreenSize|locale|layoutDirection|fontScale|screenLayout|density|uiMode"
50            android:exported="true"
51            android:hardwareAccelerated="true"
52            android:launchMode="singleTop"
53            android:theme="@style/LaunchTheme"
54            android:windowSoftInputMode="adjustResize" >
55
56            <!--
57                 Specifies an Android theme to apply to this Activity as soon as
58                 the Android process has started. This theme is visible to the user
59                 while the Flutter UI initializes. After that, this theme continues
60                 to determine the Window background behind the Flutter UI.
61            -->
62            <meta-data
63                android:name="io.flutter.embedding.android.NormalTheme"
64                android:resource="@style/NormalTheme" />
65
66            <intent-filter>
67                <action android:name="android.intent.action.MAIN" />
68
69                <category android:name="android.intent.category.LAUNCHER" />
70            </intent-filter>
71        </activity>
72        <!--
73             Don't delete the meta-data below.
74             This is used by the Flutter tool to generate GeneratedPluginRegistrant.java
75        -->
76        <meta-data
77            android:name="flutterEmbedding"
78            android:value="2" />
79
80        <activity
80-->[:fluwx] AndroidManifest.xml:20:9-25:58
81            android:name="com.jarvan.fluwx.wxapi.FluwxWXEntryActivity"
81-->[:fluwx] AndroidManifest.xml:21:13-71
82            android:exported="false"
82-->[:fluwx] AndroidManifest.xml:22:13-37
83            android:launchMode="singleTask"
83-->[:fluwx] AndroidManifest.xml:23:13-44
84            android:taskAffinity="com.tntlinking.tntdev"
84-->[:fluwx] AndroidManifest.xml:24:13-52
85            android:theme="@style/DisablePreviewTheme" />
85-->[:fluwx] AndroidManifest.xml:25:13-55
86
87        <activity-alias
87-->[:fluwx] AndroidManifest.xml:33:9-39:58
88            android:name="com.tntlinking.tntdev.wxapi.WXEntryActivity"
88-->[:fluwx] AndroidManifest.xml:34:13-66
89            android:exported="true"
89-->[:fluwx] AndroidManifest.xml:35:13-36
90            android:launchMode="singleTop"
90-->[:fluwx] AndroidManifest.xml:36:13-43
91            android:targetActivity="com.jarvan.fluwx.wxapi.FluwxWXEntryActivity"
91-->[:fluwx] AndroidManifest.xml:37:13-81
92            android:taskAffinity="com.tntlinking.tntdev"
92-->[:fluwx] AndroidManifest.xml:38:13-52
93            android:theme="@style/DisablePreviewTheme" />
93-->[:fluwx] AndroidManifest.xml:39:13-55
94        <activity-alias
94-->[:fluwx] AndroidManifest.xml:27:9-32:58
95            android:name="com.tntlinking.tntdev.wxapi.WXPayEntryActivity"
95-->[:fluwx] AndroidManifest.xml:28:13-69
96            android:exported="true"
96-->[:fluwx] AndroidManifest.xml:29:13-36
97            android:launchMode="singleInstance"
97-->[:fluwx] AndroidManifest.xml:30:13-48
98            android:targetActivity="com.jarvan.fluwx.wxapi.FluwxWXEntryActivity"
98-->[:fluwx] AndroidManifest.xml:31:13-81
99            android:theme="@style/DisablePreviewTheme" />
99-->[:fluwx] AndroidManifest.xml:32:13-55
100
101        <provider
101-->[:fluwx] AndroidManifest.xml:41:9-49:20
102            android:name="com.jarvan.fluwx.FluwxFileProvider"
102-->[:fluwx] AndroidManifest.xml:42:13-62
103            android:authorities="com.tntlinking.tntdev.fluwxprovider"
103-->[:fluwx] AndroidManifest.xml:43:13-65
104            android:exported="false"
104-->[:fluwx] AndroidManifest.xml:44:13-37
105            android:grantUriPermissions="true" >
105-->[:fluwx] AndroidManifest.xml:45:13-47
106            <meta-data
106-->[:fluwx] AndroidManifest.xml:46:13-48:69
107                android:name="android.support.FILE_PROVIDER_PATHS"
107-->[:fluwx] AndroidManifest.xml:47:17-67
108                android:resource="@xml/fluwx_file_provider_paths" />
108-->[:fluwx] AndroidManifest.xml:48:17-66
109        </provider>
110        <provider
110-->[:image_picker_android] AndroidManifest.xml:10:9-18:20
111            android:name="io.flutter.plugins.imagepicker.ImagePickerFileProvider"
111-->[:image_picker_android] AndroidManifest.xml:11:13-82
112            android:authorities="com.tntlinking.tntdev.flutter.image_provider"
112-->[:image_picker_android] AndroidManifest.xml:12:13-74
113            android:exported="false"
113-->[:image_picker_android] AndroidManifest.xml:13:13-37
114            android:grantUriPermissions="true" >
114-->[:image_picker_android] AndroidManifest.xml:14:13-47
115            <meta-data
115-->[:fluwx] AndroidManifest.xml:46:13-48:69
116                android:name="android.support.FILE_PROVIDER_PATHS"
116-->[:fluwx] AndroidManifest.xml:47:17-67
117                android:resource="@xml/flutter_image_picker_file_paths" />
117-->[:fluwx] AndroidManifest.xml:48:17-66
118        </provider>
119
120        <activity
120-->[:url_launcher_android] AndroidManifest.xml:10:9-13:74
121            android:name="io.flutter.plugins.urllauncher.WebViewActivity"
121-->[:url_launcher_android] AndroidManifest.xml:11:13-74
122            android:exported="false"
122-->[:url_launcher_android] AndroidManifest.xml:12:13-37
123            android:theme="@android:style/Theme.NoTitleBar.Fullscreen" /> <!-- 声明service组件 -->
123-->[:url_launcher_android] AndroidManifest.xml:13:13-71
124        <service
124-->[:flutter_bmflocation] AndroidManifest.xml:33:9-36:41
125            android:name="com.baidu.location.f"
125-->[:flutter_bmflocation] AndroidManifest.xml:34:13-48
126            android:enabled="true"
126-->[:flutter_bmflocation] AndroidManifest.xml:35:13-35
127            android:process=":remote" />
127-->[:flutter_bmflocation] AndroidManifest.xml:36:13-38
128
129        <activity
129-->[:flutter_inappwebview] AndroidManifest.xml:16:9-20:47
130            android:name="com.pichillilorenzo.flutter_inappwebview.in_app_browser.InAppBrowserActivity"
130-->[:flutter_inappwebview] AndroidManifest.xml:17:13-104
131            android:configChanges="orientation|keyboardHidden|keyboard|screenSize|locale|layoutDirection|fontScale|screenLayout|density"
131-->[:flutter_inappwebview] AndroidManifest.xml:18:13-137
132            android:exported="true"
132-->[:flutter_inappwebview] AndroidManifest.xml:19:13-36
133            android:theme="@style/AppTheme" />
133-->[:flutter_inappwebview] AndroidManifest.xml:20:13-44
134        <activity
134-->[:flutter_inappwebview] AndroidManifest.xml:21:9-24:55
135            android:name="com.pichillilorenzo.flutter_inappwebview.chrome_custom_tabs.ChromeCustomTabsActivity"
135-->[:flutter_inappwebview] AndroidManifest.xml:22:13-112
136            android:exported="true"
136-->[:flutter_inappwebview] AndroidManifest.xml:23:13-36
137            android:theme="@style/ThemeTransparent" />
137-->[:flutter_inappwebview] AndroidManifest.xml:24:13-52
138        <activity
138-->[:flutter_inappwebview] AndroidManifest.xml:25:9-28:55
139            android:name="com.pichillilorenzo.flutter_inappwebview.chrome_custom_tabs.TrustedWebActivity"
139-->[:flutter_inappwebview] AndroidManifest.xml:26:13-106
140            android:exported="true"
140-->[:flutter_inappwebview] AndroidManifest.xml:27:13-36
141            android:theme="@style/ThemeTransparent" />
141-->[:flutter_inappwebview] AndroidManifest.xml:28:13-52
142        <activity
142-->[:flutter_inappwebview] AndroidManifest.xml:29:9-33:55
143            android:name="com.pichillilorenzo.flutter_inappwebview.chrome_custom_tabs.ChromeCustomTabsActivitySingleInstance"
143-->[:flutter_inappwebview] AndroidManifest.xml:30:13-126
144            android:exported="true"
144-->[:flutter_inappwebview] AndroidManifest.xml:31:13-36
145            android:launchMode="singleInstance"
145-->[:flutter_inappwebview] AndroidManifest.xml:32:13-48
146            android:theme="@style/ThemeTransparent" />
146-->[:flutter_inappwebview] AndroidManifest.xml:33:13-52
147        <activity
147-->[:flutter_inappwebview] AndroidManifest.xml:34:9-38:55
148            android:name="com.pichillilorenzo.flutter_inappwebview.chrome_custom_tabs.TrustedWebActivitySingleInstance"
148-->[:flutter_inappwebview] AndroidManifest.xml:35:13-120
149            android:exported="true"
149-->[:flutter_inappwebview] AndroidManifest.xml:36:13-36
150            android:launchMode="singleInstance"
150-->[:flutter_inappwebview] AndroidManifest.xml:37:13-48
151            android:theme="@style/ThemeTransparent" />
151-->[:flutter_inappwebview] AndroidManifest.xml:38:13-52
152
153        <receiver
153-->[:flutter_inappwebview] AndroidManifest.xml:40:9-43:40
154            android:name="com.pichillilorenzo.flutter_inappwebview.chrome_custom_tabs.ActionBroadcastReceiver"
154-->[:flutter_inappwebview] AndroidManifest.xml:41:13-111
155            android:enabled="true"
155-->[:flutter_inappwebview] AndroidManifest.xml:42:13-35
156            android:exported="false" />
156-->[:flutter_inappwebview] AndroidManifest.xml:43:13-37
157
158        <meta-data
158-->[:flutter_inappwebview] AndroidManifest.xml:45:9-47:36
159            android:name="io.flutter.embedded_views_preview"
159-->[:flutter_inappwebview] AndroidManifest.xml:46:13-61
160            android:value="true" />
160-->[:flutter_inappwebview] AndroidManifest.xml:47:13-33
161
162        <uses-library
162-->[androidx.window:window:1.0.0-beta04] AndroidManifest.xml:25:9-27:40
163            android:name="androidx.window.extensions"
163-->[androidx.window:window:1.0.0-beta04] AndroidManifest.xml:26:13-54
164            android:required="false" />
164-->[androidx.window:window:1.0.0-beta04] AndroidManifest.xml:27:13-37
165        <uses-library
165-->[androidx.window:window:1.0.0-beta04] AndroidManifest.xml:28:9-30:40
166            android:name="androidx.window.sidecar"
166-->[androidx.window:window:1.0.0-beta04] AndroidManifest.xml:29:13-51
167            android:required="false" />
167-->[androidx.window:window:1.0.0-beta04] AndroidManifest.xml:30:13-37
168
169        <provider
169-->[androidx.emoji2:emoji2:1.2.0] AndroidManifest.xml:24:9-32:20
170            android:name="androidx.startup.InitializationProvider"
170-->[androidx.emoji2:emoji2:1.2.0] AndroidManifest.xml:25:13-67
171            android:authorities="com.tntlinking.tntdev.androidx-startup"
171-->[androidx.emoji2:emoji2:1.2.0] AndroidManifest.xml:26:13-68
172            android:exported="false" >
172-->[androidx.emoji2:emoji2:1.2.0] AndroidManifest.xml:27:13-37
173            <meta-data
173-->[androidx.emoji2:emoji2:1.2.0] AndroidManifest.xml:29:13-31:52
174                android:name="androidx.emoji2.text.EmojiCompatInitializer"
174-->[androidx.emoji2:emoji2:1.2.0] AndroidManifest.xml:30:17-75
175                android:value="androidx.startup" />
175-->[androidx.emoji2:emoji2:1.2.0] AndroidManifest.xml:31:17-49
176            <meta-data
176-->[androidx.lifecycle:lifecycle-process:2.4.1] AndroidManifest.xml:31:13-33:52
177                android:name="androidx.lifecycle.ProcessLifecycleInitializer"
177-->[androidx.lifecycle:lifecycle-process:2.4.1] AndroidManifest.xml:32:17-78
178                android:value="androidx.startup" />
178-->[androidx.lifecycle:lifecycle-process:2.4.1] AndroidManifest.xml:33:17-49
179        </provider> <!-- 重点关注！！！！！！！ -->
180        <!-- 如果不需要使用窗口模式，不要使用authsdk_activity_dialog主题，会出现异常动画 -->
181        <!--
182        如果需要使用authsdk_activity_dialog主题，则screenOrientation一定不能指定明确的方向，
183        比如portrait、sensorPortrait，在8.0的系统上不允许窗口模式指定orientation，会发生crash，需要指定为behind，
184        然后在授权页的前一个页面指定具体的orientation
185        -->
186        <activity
186-->[com.umeng.umsdk:uverify:2.5.5] AndroidManifest.xml:31:9-37:62
187            android:name="com.mobile.auth.gatewayauth.LoginAuthActivity"
187-->[com.umeng.umsdk:uverify:2.5.5] AndroidManifest.xml:32:13-73
188            android:configChanges="orientation|keyboardHidden|screenSize"
188-->[com.umeng.umsdk:uverify:2.5.5] AndroidManifest.xml:33:13-74
189            android:exported="false"
189-->[com.umeng.umsdk:uverify:2.5.5] AndroidManifest.xml:34:13-37
190            android:launchMode="singleTop"
190-->[com.umeng.umsdk:uverify:2.5.5] AndroidManifest.xml:35:13-43
191            android:screenOrientation="behind"
191-->[com.umeng.umsdk:uverify:2.5.5] AndroidManifest.xml:36:13-47
192            android:theme="@style/authsdk_activity_dialog" />
192-->[com.umeng.umsdk:uverify:2.5.5] AndroidManifest.xml:37:13-59
193        <activity
193-->[com.umeng.umsdk:uverify:2.5.5] AndroidManifest.xml:38:9-43:50
194            android:name="com.mobile.auth.gatewayauth.activity.AuthWebVeiwActivity"
194-->[com.umeng.umsdk:uverify:2.5.5] AndroidManifest.xml:39:13-84
195            android:configChanges="orientation|keyboardHidden|screenSize"
195-->[com.umeng.umsdk:uverify:2.5.5] AndroidManifest.xml:40:13-74
196            android:exported="false"
196-->[com.umeng.umsdk:uverify:2.5.5] AndroidManifest.xml:41:13-37
197            android:launchMode="singleTop"
197-->[com.umeng.umsdk:uverify:2.5.5] AndroidManifest.xml:42:13-43
198            android:screenOrientation="behind" />
198-->[com.umeng.umsdk:uverify:2.5.5] AndroidManifest.xml:43:13-47
199        <activity
199-->[com.umeng.umsdk:uverify:2.5.5] AndroidManifest.xml:44:9-50:62
200            android:name="com.cmic.sso.sdk.activity.LoginAuthActivity"
200-->[com.umeng.umsdk:uverify:2.5.5] AndroidManifest.xml:45:13-71
201            android:configChanges="orientation|keyboardHidden|screenSize"
201-->[com.umeng.umsdk:uverify:2.5.5] AndroidManifest.xml:46:13-74
202            android:exported="false"
202-->[com.umeng.umsdk:uverify:2.5.5] AndroidManifest.xml:47:13-37
203            android:launchMode="singleTop"
203-->[com.umeng.umsdk:uverify:2.5.5] AndroidManifest.xml:48:13-43
204            android:screenOrientation="behind"
204-->[com.umeng.umsdk:uverify:2.5.5] AndroidManifest.xml:49:13-47
205            android:theme="@style/authsdk_activity_dialog" />
205-->[com.umeng.umsdk:uverify:2.5.5] AndroidManifest.xml:50:13-59
206    </application>
207
208</manifest>